2023-08-06 00:54:17.294321 - Initialized conversion of CBT1005
2023-08-06 00:54:17.564583 - Received CBT.V505.FILE1005.PDS from FILE1005.XMI 
2023-08-06 00:54:17.566834 - Found $$$#DATE.txt (text/plain) in CBT.V505.FILE1005.PDS, moved to PDS/$$$#DATE
2023-08-06 00:54:17.568004 - Found $$README.txt (text/plain) in CBT.V505.FILE1005.PDS, moved to PDS/$$README
2023-08-06 00:54:17.569070 - Found $LICENCE.txt (text/plain) in CBT.V505.FILE1005.PDS, moved to PDS/$LICENCE
2023-08-06 00:54:17.570057 - Found @FIL1005.txt (text/plain) in CBT.V505.FILE1005.PDS, moved to PDS/@FIL1005
2023-08-06 00:54:17.659333 - Found CNTL.xmi (application/xmit) in CBT.V505.FILE1005.PDS
2023-08-06 00:54:17.681724   - Received to CBT1005/SPTS.CNTL
2023-08-06 00:54:18.011473 - Found EXAMPLES.xmi (application/xmit) in CBT.V505.FILE1005.PDS
2023-08-06 00:54:18.050854   - Received to CBT1005/SPTS.EXAMPLES
2023-08-06 00:54:18.217795 - Found INFO.xmi (application/xmit) in CBT.V505.FILE1005.PDS
2023-08-06 00:54:18.224548   - Received to CBT1005/SPTS.INFO
2023-08-06 00:54:18.248750 - Found LINKLIB.xmi (application/xmit) in CBT.V505.FILE1005.PDS
2023-08-06 00:54:18.256060   - Received RECFM=U data, stored XMIT file as CBT1005/LINKLIB.xmi
2023-08-06 00:54:18.729873 - Found MACLIB.xmi (application/xmit) in CBT.V505.FILE1005.PDS
2023-08-06 00:54:18.798574   - Received to CBT1005/SPTS.MACLIB
2023-08-06 00:54:18.834702 - Found PROCLIB.xmi (application/xmit) in CBT.V505.FILE1005.PDS
2023-08-06 00:54:18.842887   - Received to CBT1005/SPTS.PROCLIB
2023-08-06 00:54:18.842977 - Found SASLOBJ.bin containing application/octet-stream, moved to PDS/SASLOBJ
2023-08-06 00:54:18.905385 - Found SOURCE.xmi (application/xmit) in CBT.V505.FILE1005.PDS
2023-08-06 00:54:18.911055   - Received to CBT1005/SPTS.SOURCE
